
 Number of evaluations=        40
                  Time=     0.421 min
--------------------------------------------------------------------------------
 Best results:
--------------------------------------------------------------------------------

  pol=[0.0265107  0.59746963] 

  Ground State Energy =  -29.361089 
                  NIST=  -29.336884 
                   Er%=      0.0825 %

       1 Excit. Energy=  -29.161833 
                  NIST=  -29.136586 
                   Er%=    0.086650 %

       2 Excit. Energy=  -28.897957 
                  NIST=  -28.949000 
                   Er%=    0.176320 %

       3 Excit. Energy=  -28.857923 
                  NIST=  -28.862288 
                   Er%=    0.015122 %

       4 Excit. Energy=  -28.831013 
                  NIST=  -28.838628 
                   Er%=    0.026406 %

       5 Excit. Energy=  -28.715037 
                  NIST=  -28.818533 
                   Er%=    0.359131 %

       6 Excit. Energy=  -28.802072 
                  NIST=  -28.800078 
                   Er%=    0.006924 %

       7 Excit. Energy=  -28.819526 
                  NIST=  -28.792894 
                   Er%=    0.092496 %

       8 Excit. Energy=  -28.779714 
                  NIST=  -28.788417 
                   Er%=    0.030230 %

       9 Excit. Energy=  -28.774876 
                  NIST=  -28.771409 
                   Er%=    0.012051 %

            Total loss=      0.8878 %
