
 Number of evaluations=        50
                  Time=     0.546 min
--------------------------------------------------------------------------------
 Best results:
--------------------------------------------------------------------------------

  pol=[0.01628104 0.5298908 ] 

  Ground State Energy =  -29.358190 
                  NIST=  -29.336884 
                   Er%=      0.0726 %

       1 Excit. Energy=  -29.158528 
                  NIST=  -29.136586 
                   Er%=    0.075307 %

       2 Excit. Energy=  -28.895313 
                  NIST=  -28.949000 
                   Er%=    0.185454 %

       3 Excit. Energy=  -28.856043 
                  NIST=  -28.862288 
                   Er%=    0.021636 %

       4 Excit. Energy=  -28.829064 
                  NIST=  -28.838628 
                   Er%=    0.033164 %

       5 Excit. Energy=  -28.712026 
                  NIST=  -28.818533 
                   Er%=    0.369579 %

       6 Excit. Energy=  -28.800075 
                  NIST=  -28.800078 
                   Er%=    0.000010 %

       7 Excit. Energy=  -28.815667 
                  NIST=  -28.792894 
                   Er%=    0.079093 %

       8 Excit. Energy=  -28.777580 
                  NIST=  -28.788417 
                   Er%=    0.037642 %

       9 Excit. Energy=  -28.773102 
                  NIST=  -28.771409 
                   Er%=    0.005885 %

            Total loss=      0.8804 %
