
 Number of evaluations=         0
                  Time=     0.044 min
--------------------------------------------------------------------------------
 Best results:
--------------------------------------------------------------------------------

  pol=[0.03044083 0.61290661] 

  Ground State Energy =  -29.359879 
                  NIST=  -29.336884 
                   Er%=      0.0784 %

       1 Excit. Energy=  -29.160697 
                  NIST=  -29.136586 
                   Er%=    0.082751 %

       2 Excit. Energy=  -28.896664 
                  NIST=  -28.949000 
                   Er%=    0.180787 %

       3 Excit. Energy=  -28.856455 
                  NIST=  -28.862288 
                   Er%=    0.020208 %

       4 Excit. Energy=  -28.829559 
                  NIST=  -28.838628 
                   Er%=    0.031448 %

       5 Excit. Energy=  -28.713810 
                  NIST=  -28.818533 
                   Er%=    0.363388 %

       6 Excit. Energy=  -28.800627 
                  NIST=  -28.800078 
                   Er%=    0.001907 %

       7 Excit. Energy=  -28.818492 
                  NIST=  -28.792894 
                   Er%=    0.088905 %

       8 Excit. Energy=  -28.778300 
                  NIST=  -28.788417 
                   Er%=    0.035141 %

       9 Excit. Energy=  -28.773378 
                  NIST=  -28.771409 
                   Er%=    0.006844 %

            Total loss=      0.8898 %
