
 Number of evaluations=         0
                  Time=     0.046 min
--------------------------------------------------------------------------------
 Best results:
--------------------------------------------------------------------------------

  pol=[0.01514376 0.51567967] 

  Ground State Energy =  -29.364787 
                  NIST=  -29.336884 
                   Er%=      0.0951 %

       1 Excit. Energy=  -29.165053 
                  NIST=  -29.136586 
                   Er%=    0.097702 %

       2 Excit. Energy=  -28.901889 
                  NIST=  -28.949000 
                   Er%=    0.162738 %

       3 Excit. Energy=  -28.862718 
                  NIST=  -28.862288 
                   Er%=    0.001491 %

       4 Excit. Energy=  -28.835732 
                  NIST=  -28.838628 
                   Er%=    0.010042 %

       5 Excit. Energy=  -28.718548 
                  NIST=  -28.818533 
                   Er%=    0.346948 %

       6 Excit. Energy=  -28.806733 
                  NIST=  -28.800078 
                   Er%=    0.023108 %

       7 Excit. Energy=  -28.822083 
                  NIST=  -28.792894 
                   Er%=    0.101376 %

       8 Excit. Energy=  -28.784212 
                  NIST=  -28.788417 
                   Er%=    0.014605 %

       9 Excit. Energy=  -28.779777 
                  NIST=  -28.771409 
                   Er%=    0.029085 %

            Total loss=      0.8822 %
