
 Number of evaluations=        20
                  Time=     0.222 min
--------------------------------------------------------------------------------
 Best results:
--------------------------------------------------------------------------------

  pol=[0.00657474 0.42647051] 

  Ground State Energy =  -29.364545 
                  NIST=  -29.336884 
                   Er%=      0.0943 %

       1 Excit. Energy=  -29.164196 
                  NIST=  -29.136586 
                   Er%=    0.094760 %

       2 Excit. Energy=  -28.901619 
                  NIST=  -28.949000 
                   Er%=    0.163671 %

       3 Excit. Energy=  -28.863268 
                  NIST=  -28.862288 
                   Er%=    0.003397 %

       4 Excit. Energy=  -28.836209 
                  NIST=  -28.838628 
                   Er%=    0.008388 %

       5 Excit. Energy=  -28.717742 
                  NIST=  -28.818533 
                   Er%=    0.349744 %

       6 Excit. Energy=  -28.807137 
                  NIST=  -28.800078 
                   Er%=    0.024511 %

       7 Excit. Energy=  -28.820363 
                  NIST=  -28.792894 
                   Er%=    0.095403 %

       8 Excit. Energy=  -28.784436 
                  NIST=  -28.788417 
                   Er%=    0.013827 %

       9 Excit. Energy=  -28.780380 
                  NIST=  -28.771409 
                   Er%=    0.031181 %

            Total loss=      0.8792 %
