
 Number of evaluations=         0
                  Time=     0.215 min
--------------------------------------------------------------------------------
 Best results:
--------------------------------------------------------------------------------

  pol=[0.02969278 0.61203177] 

  Ground State Energy =  -29.360882 
                  NIST=  -29.336884 
                   Er%=      0.0818 %

       1 Excit. Energy=  -29.161702 
                  NIST=  -29.136586 
                   Er%=    0.086201 %

       2 Excit. Energy=  -28.897664 
                  NIST=  -28.949000 
                   Er%=    0.177333 %

       3 Excit. Energy=  -28.857453 
                  NIST=  -28.862288 
                   Er%=    0.016751 %

       4 Excit. Energy=  -28.830559 
                  NIST=  -28.838628 
                   Er%=    0.027980 %

       5 Excit. Energy=  -28.714813 
                  NIST=  -28.818533 
                   Er%=    0.359908 %

       6 Excit. Energy=  -28.801626 
                  NIST=  -28.800078 
                   Er%=    0.005375 %

       7 Excit. Energy=  -28.819498 
                  NIST=  -28.792894 
                   Er%=    0.092398 %

       8 Excit. Energy=  -28.779299 
                  NIST=  -28.788417 
                   Er%=    0.031671 %

       9 Excit. Energy=  -28.774376 
                  NIST=  -28.771409 
                   Er%=    0.010313 %

            Total loss=      0.8897 %
