
 Number of evaluations=        10
                  Time=     0.475 min
--------------------------------------------------------------------------------
 Best results:
--------------------------------------------------------------------------------

  pol=[0.00628462 0.41281009] 

  Ground State Energy =  -29.359286 
                  NIST=  -29.336884 
                   Er%=      0.0764 %

       1 Excit. Energy=  -29.158862 
                  NIST=  -29.136586 
                   Er%=    0.076453 %

       2 Excit. Energy=  -28.896373 
                  NIST=  -28.949000 
                   Er%=    0.181792 %

       3 Excit. Energy=  -28.858123 
                  NIST=  -28.862288 
                   Er%=    0.014429 %

       4 Excit. Energy=  -28.831052 
                  NIST=  -28.838628 
                   Er%=    0.026271 %

       5 Excit. Energy=  -28.712423 
                  NIST=  -28.818533 
                   Er%=    0.368201 %

       6 Excit. Energy=  -28.801973 
                  NIST=  -28.800078 
                   Er%=    0.006580 %

       7 Excit. Energy=  -28.814929 
                  NIST=  -28.792894 
                   Er%=    0.076530 %

       8 Excit. Energy=  -28.779254 
                  NIST=  -28.788417 
                   Er%=    0.031827 %

       9 Excit. Energy=  -28.775246 
                  NIST=  -28.771409 
                   Er%=    0.013337 %

            Total loss=      0.8718 %
