
 Number of evaluations=        50
                  Time=     0.896 min
--------------------------------------------------------------------------------
 Best results:
--------------------------------------------------------------------------------

  pol=[0.012516 0.5     ] 

  Ground State Energy =  -29.362703 
                  NIST=  -29.336884 
                   Er%=      0.0880 %

       1 Excit. Energy=  -29.162857 
                  NIST=  -29.136586 
                   Er%=    0.090165 %

       2 Excit. Energy=  -28.899833 
                  NIST=  -28.949000 
                   Er%=    0.169840 %

       3 Excit. Energy=  -28.860833 
                  NIST=  -28.862288 
                   Er%=    0.005040 %

       4 Excit. Energy=  -28.833831 
                  NIST=  -28.838628 
                   Er%=    0.016634 %

       5 Excit. Energy=  -28.716391 
                  NIST=  -28.818533 
                   Er%=    0.354432 %

       6 Excit. Energy=  -28.804819 
                  NIST=  -28.800078 
                   Er%=    0.016462 %

       7 Excit. Energy=  -28.819735 
                  NIST=  -28.792894 
                   Er%=    0.093222 %

       8 Excit. Energy=  -28.782265 
                  NIST=  -28.788417 
                   Er%=    0.021368 %

       9 Excit. Energy=  -28.777911 
                  NIST=  -28.771409 
                   Er%=    0.022599 %

            Total loss=      0.8778 %
